<?xml version="1.0" encoding="UTF-8"?>
<testsuite xmlns:xsi="http://www.w3.org/2001/XMLSchema-instance" xsi:noNamespaceSchemaLocation="https://maven.apache.org/surefire/maven-surefire-plugin/xsd/surefire-test-report-3.0.xsd" version="3.0" name="TestSuite" time="48.173" tests="20" errors="0" skipped="0" failures="0">
  <properties>
[...]
</properties>
  <testcase name="deleteVerifyLogin_shouldReturn405" classname="com.automationexercise.tests.api.LoginApiTests" time="3.089">
    <system-err><![CDATA[SLF4J: Failed to load class "org.slf4j.impl.StaticLoggerBinder".
SLF4J: Defaulting to no-operation (NOP) logger implementation
SLF4J: See http://www.slf4j.org/codes.html#StaticLoggerBinder for further details.
თებ 12, 2026 1:41:33 AM org.openqa.selenium.devtools.CdpVersionFinder findNearestMatch
WARNING: Unable to find CDP implementation matching 145
თებ 12, 2026 1:41:33 AM org.openqa.selenium.devtools.CdpVersionFinder findNearestMatch
WARNING: Unable to find CDP implementation matching 145
თებ 12, 2026 1:41:33 AM org.openqa.selenium.devtools.CdpVersionFinder findNearestMatch
WARNING: Unable to find CDP implementation matching 145
თებ 12, 2026 1:41:33 AM org.openqa.selenium.chromium.ChromiumDriver lambda$new$5
WARNING: Unable to find version of CDP to use for 145.0.7632.46. You may need to include a dependency on a specific version of the CDP using something similar to `org.seleniumhq.selenium:selenium-devtools-v86:4.21.0` where the version ("v86") matches the version of the chromium-based browser you're using and the version number of the artifact is the same as Selenium's.
თებ 12, 2026 1:41:33 AM org.openqa.selenium.chromium.ChromiumDriver lambda$new$5
WARNING: Unable to find version of CDP to use for 145.0.7632.46. You may need to include a dependency on a specific version of the CDP using something similar to `org.seleniumhq.selenium:selenium-devtools-v86:4.21.0` where the version ("v86") matches the version of the chromium-based browser you're using and the version number of the artifact is the same as Selenium's.
თებ 12, 2026 1:41:33 AM org.openqa.selenium.chromium.ChromiumDriver lambda$new$5
WARNING: Unable to find version of CDP to use for 145.0.7632.46. You may need to include a dependency on a specific version of the CDP using something similar to `org.seleniumhq.selenium:selenium-devtools-v86:4.21.0` where the version ("v86") matches the version of the chromium-based browser you're using and the version number of the artifact is the same as Selenium's.
]]></system-err>
  </testcase>
  <testcase name="verifyLogin_withInvalidCredentials_shouldReturn404" classname="com.automationexercise.tests.api.LoginApiTests" time="0.934"/>
  <testcase name="verifyLogin_withoutEmail_shouldReturn400" classname="com.automationexercise.tests.api.LoginApiTests" time="0.949"/>
  <testcase name="createAccount_withMissingFields_shouldReturn400" classname="com.automationexercise.tests.api.AccountApiTests" time="3.095"/>
  <testcase name="getBrandsList_shouldReturn200" classname="com.automationexercise.tests.api.AccountApiTests" time="0.934"/>
  <testcase name="searchProduct_withEmptyName_shouldReturnAllProducts" classname="com.automationexercise.tests.api.AccountApiTests" time="0.987"/>
  <testcase name="searchProduct_withValidName_shouldReturnResults" classname="com.automationexercise.tests.api.AccountApiTests" time="0.423"/>
  <testcase name="getProductsList_shouldContainKnownProductName" classname="com.automationexercise.tests.api.ProductsApiTests" time="3.096"/>
  <testcase name="getProductsList_shouldReturn200AndNonEmptyList" classname="com.automationexercise.tests.api.ProductsApiTests" time="0.0"/>
  <testcase name="postProductsList_shouldReturn405" classname="com.automationexercise.tests.api.ProductsApiTests" time="0.969"/>
  <testcase name="homePageShouldBeVisible" classname="com.automationexercise.tests.ui.HomeAndAuthTests" time="0.061"/>
  <testcase name="loginWithCorrectCredentials" classname="com.automationexercise.tests.ui.HomeAndAuthTests" time="0.563">
    <system-err><![CDATA[თებ 12, 2026 1:41:42 AM org.openqa.selenium.devtools.CdpVersionFinder findNearestMatch
WARNING: Unable to find CDP implementation matching 145
თებ 12, 2026 1:41:42 AM org.openqa.selenium.chromium.ChromiumDriver lambda$new$5
WARNING: Unable to find version of CDP to use for 145.0.7632.46. You may need to include a dependency on a specific version of the CDP using something similar to `org.seleniumhq.selenium:selenium-devtools-v86:4.21.0` where the version ("v86") matches the version of the chromium-based browser you're using and the version number of the artifact is the same as Selenium's.
თებ 12, 2026 1:41:43 AM org.openqa.selenium.devtools.CdpVersionFinder findNearestMatch
WARNING: Unable to find CDP implementation matching 145
თებ 12, 2026 1:41:43 AM org.openqa.selenium.chromium.ChromiumDriver lambda$new$5
WARNING: Unable to find version of CDP to use for 145.0.7632.46. You may need to include a dependency on a specific version of the CDP using something similar to `org.seleniumhq.selenium:selenium-devtools-v86:4.21.0` where the version ("v86") matches the version of the chromium-based browser you're using and the version number of the artifact is the same as Selenium's.
]]></system-err>
  </testcase>
  <testcase name="loginWithWrongPasswordShowsError" classname="com.automationexercise.tests.ui.HomeAndAuthTests" time="2.824"/>
  <testcase name="logoutUserFromHomePage" classname="com.automationexercise.tests.ui.HomeAndAuthTests" time="2.343">
    <system-err><![CDATA[თებ 12, 2026 1:41:59 AM org.openqa.selenium.devtools.CdpVersionFinder findNearestMatch
WARNING: Unable to find CDP implementation matching 145
თებ 12, 2026 1:41:59 AM org.openqa.selenium.chromium.ChromiumDriver lambda$new$5
WARNING: Unable to find version of CDP to use for 145.0.7632.46. You may need to include a dependency on a specific version of the CDP using something similar to `org.seleniumhq.selenium:selenium-devtools-v86:4.21.0` where the version ("v86") matches the version of the chromium-based browser you're using and the version number of the artifact is the same as Selenium's.
]]></system-err>
  </testcase>
  <testcase name="registerUserWithValidData" classname="com.automationexercise.tests.ui.HomeAndAuthTests" time="8.957">
    <system-err><![CDATA[თებ 12, 2026 1:42:07 AM org.openqa.selenium.devtools.CdpVersionFinder findNearestMatch
WARNING: Unable to find CDP implementation matching 145
თებ 12, 2026 1:42:07 AM org.openqa.selenium.chromium.ChromiumDriver lambda$new$5
WARNING: Unable to find version of CDP to use for 145.0.7632.46. You may need to include a dependency on a specific version of the CDP using something similar to `org.seleniumhq.selenium:selenium-devtools-v86:4.21.0` where the version ("v86") matches the version of the chromium-based browser you're using and the version number of the artifact is the same as Selenium's.
]]></system-err>
  </testcase>
  <testcase name="addProductToCart" classname="com.automationexercise.tests.ui.CartAndCheckoutTests" time="1.674">
    <system-err><![CDATA[თებ 12, 2026 1:41:41 AM org.openqa.selenium.devtools.CdpVersionFinder findNearestMatch
WARNING: Unable to find CDP implementation matching 145
თებ 12, 2026 1:41:41 AM org.openqa.selenium.chromium.ChromiumDriver lambda$new$5
WARNING: Unable to find version of CDP to use for 145.0.7632.46. You may need to include a dependency on a specific version of the CDP using something similar to `org.seleniumhq.selenium:selenium-devtools-v86:4.21.0` where the version ("v86") matches the version of the chromium-based browser you're using and the version number of the artifact is the same as Selenium's.
]]></system-err>
  </testcase>
  <testcase name="placeOrderAfterLogin" classname="com.automationexercise.tests.ui.CartAndCheckoutTests" time="0.591">
    <system-err><![CDATA[თებ 12, 2026 1:41:54 AM org.openqa.selenium.devtools.CdpVersionFinder findNearestMatch
WARNING: Unable to find CDP implementation matching 145
თებ 12, 2026 1:41:54 AM org.openqa.selenium.chromium.ChromiumDriver lambda$new$5
WARNING: Unable to find version of CDP to use for 145.0.7632.46. You may need to include a dependency on a specific version of the CDP using something similar to `org.seleniumhq.selenium:selenium-devtools-v86:4.21.0` where the version ("v86") matches the version of the chromium-based browser you're using and the version number of the artifact is the same as Selenium's.
]]></system-err>
  </testcase>
  <testcase name="removeProductFromCart" classname="com.automationexercise.tests.ui.CartAndCheckoutTests" time="2.69"/>
  <testcase name="searchProductsByKeyword" classname="com.automationexercise.tests.ui.ContactAndSearchTests" time="1.999"/>
  <testcase name="sendContactUsMessage" classname="com.automationexercise.tests.ui.ContactAndSearchTests" time="1.701">
    <system-err><![CDATA[თებ 12, 2026 1:41:48 AM org.openqa.selenium.devtools.CdpVersionFinder findNearestMatch
WARNING: Unable to find CDP implementation matching 145
თებ 12, 2026 1:41:48 AM org.openqa.selenium.chromium.ChromiumDriver lambda$new$5
WARNING: Unable to find version of CDP to use for 145.0.7632.46. You may need to include a dependency on a specific version of the CDP using something similar to `org.seleniumhq.selenium:selenium-devtools-v86:4.21.0` where the version ("v86") matches the version of the chromium-based browser you're using and the version number of the artifact is the same as Selenium's.
]]></system-err>
  </testcase>
</testsuite>