<?xml version="1.0" encoding="UTF-8"?>
<!-- Generated by org.testng.reporters.JUnitXMLReporter -->
<testsuite ignored="0" hostname="DESKTOP-1IVLMSI" failures="0" tests="10" name="API Tests" time="5.949" errors="0" timestamp="2026-02-12T01:41:37 GMT+04:00">
  <testcase classname="com.automationexercise.tests.api.LoginApiTests" name="deleteVerifyLogin_shouldReturn405" time="3.019"/>
  <testcase classname="com.automationexercise.tests.api.AccountApiTests" name="createAccount_withMissingFields_shouldReturn400" time="3.019"/>
  <testcase classname="com.automationexercise.tests.api.ProductsApiTests" name="getProductsList_shouldContainKnownProductName" time="3.019"/>
  <testcase classname="com.automationexercise.tests.api.LoginApiTests" name="verifyLogin_withInvalidCredentials_shouldReturn404" time="0.938"/>
  <testcase classname="com.automationexercise.tests.api.AccountApiTests" name="getBrandsList_shouldReturn200" time="0.939"/>
  <testcase classname="com.automationexercise.tests.api.ProductsApiTests" name="getProductsList_shouldReturn200AndNonEmptyList" time="0.941"/>
  <testcase classname="com.automationexercise.tests.api.LoginApiTests" name="verifyLogin_withoutEmail_shouldReturn400" time="0.948"/>
  <testcase classname="com.automationexercise.tests.api.ProductsApiTests" name="postProductsList_shouldReturn405" time="0.967"/>
  <testcase classname="com.automationexercise.tests.api.AccountApiTests" name="searchProduct_withEmptyName_shouldReturnAllProducts" time="0.986"/>
  <testcase classname="com.automationexercise.tests.api.AccountApiTests" name="searchProduct_withValidName_shouldReturnResults" time="0.419"/>
</testsuite> <!-- API Tests -->
