<?xml version="1.0" encoding="UTF-8"?>
<!-- Generated by org.testng.reporters.JUnitXMLReporter -->
<testsuite ignored="0" hostname="DESKTOP-1IVLMSI" failures="0" tests="10" name="UI Tests" time="47.356" errors="0" timestamp="2026-02-12T01:42:19 GMT+04:00">
  <testcase classname="com.automationexercise.tests.ui.HomeAndAuthTests" name="homePageShouldBeVisible" time="0.059"/>
  <testcase classname="com.automationexercise.tests.ui.CartAndCheckoutTests" name="addProductToCart" time="3.91"/>
  <testcase classname="com.automationexercise.tests.ui.ContactAndSearchTests" name="searchProductsByKeyword" time="3.442"/>
  <testcase classname="com.automationexercise.tests.ui.HomeAndAuthTests" name="loginWithCorrectCredentials" time="4.144"/>
  <testcase classname="com.automationexercise.tests.ui.ContactAndSearchTests" name="sendContactUsMessage" time="2.268"/>
  <testcase classname="com.automationexercise.tests.ui.HomeAndAuthTests" name="loginWithWrongPasswordShowsError" time="2.823"/>
  <testcase classname="com.automationexercise.tests.ui.CartAndCheckoutTests" name="placeOrderAfterLogin" time="11.876"/>
  <testcase classname="com.automationexercise.tests.ui.HomeAndAuthTests" name="logoutUserFromHomePage" time="8.433"/>
  <testcase classname="com.automationexercise.tests.ui.CartAndCheckoutTests" name="removeProductFromCart" time="2.689"/>
  <testcase classname="com.automationexercise.tests.ui.HomeAndAuthTests" name="registerUserWithValidData" time="8.956"/>
</testsuite> <!-- UI Tests -->
