<?xml version="1.0" encoding="UTF-8"?>
<!-- Generated by org.testng.reporters.JUnitReportReporter -->
<testsuite hostname="DESKTOP-1IVLMSI" failures="0" tests="3" name="com.automationexercise.tests.api.LoginApiTests" time="4.905" errors="0" timestamp="2026-02-12T01:42:19 GMT+04:00" skipped="0">
  <testcase classname="com.automationexercise.tests.api.LoginApiTests" name="verifyLogin_withInvalidCredentials_shouldReturn404" time="0.938"/>
  <testcase classname="com.automationexercise.tests.api.LoginApiTests" name="deleteVerifyLogin_shouldReturn405" time="3.019"/>
  <testcase classname="com.automationexercise.tests.api.LoginApiTests" name="verifyLogin_withoutEmail_shouldReturn400" time="0.948"/>
</testsuite> <!-- com.automationexercise.tests.api.LoginApiTests -->
