<?xml version="1.0" encoding="UTF-8"?>
<!-- Generated by org.testng.reporters.JUnitReportReporter -->
<testsuite hostname="DESKTOP-1IVLMSI" failures="0" tests="4" name="com.automationexercise.tests.api.AccountApiTests" time="5.363" errors="0" timestamp="2026-02-12T01:42:19 GMT+04:00" skipped="0">
  <testcase classname="com.automationexercise.tests.api.AccountApiTests" name="getBrandsList_shouldReturn200" time="0.939"/>
  <testcase classname="com.automationexercise.tests.api.AccountApiTests" name="searchProduct_withValidName_shouldReturnResults" time="0.419"/>
  <testcase classname="com.automationexercise.tests.api.AccountApiTests" name="createAccount_withMissingFields_shouldReturn400" time="3.019"/>
  <testcase classname="com.automationexercise.tests.api.AccountApiTests" name="searchProduct_withEmptyName_shouldReturnAllProducts" time="0.986"/>
</testsuite> <!-- com.automationexercise.tests.api.AccountApiTests -->
