<?xml version="1.0" encoding="UTF-8"?>
<!-- Generated by org.testng.reporters.JUnitReportReporter -->
<testsuite hostname="DESKTOP-1IVLMSI" failures="0" tests="5" name="com.automationexercise.tests.ui.HomeAndAuthTests" time="47.272" errors="0" timestamp="2026-02-12T01:42:19 GMT+04:00" skipped="0">
  <testcase classname="com.automationexercise.tests.ui.HomeAndAuthTests" name="registerUserWithValidData" time="12.377"/>
  <testcase classname="com.automationexercise.tests.ui.HomeAndAuthTests" name="loginWithCorrectCredentials" time="9.104"/>
  <testcase classname="com.automationexercise.tests.ui.HomeAndAuthTests" name="loginWithWrongPasswordShowsError" time="11.199"/>
  <testcase classname="com.automationexercise.tests.ui.HomeAndAuthTests" name="homePageShouldBeVisible" time="3.016"/>
  <testcase classname="com.automationexercise.tests.ui.HomeAndAuthTests" name="logoutUserFromHomePage" time="11.576"/>
</testsuite> <!-- com.automationexercise.tests.ui.HomeAndAuthTests -->
