<?xml version="1.0" encoding="UTF-8"?>
<!-- Generated by org.testng.reporters.JUnitReportReporter -->
<testsuite hostname="DESKTOP-1IVLMSI" failures="0" tests="3" name="com.automationexercise.tests.ui.CartAndCheckoutTests" time="35.272" errors="0" timestamp="2026-02-12T01:42:19 GMT+04:00" skipped="0">
  <testcase classname="com.automationexercise.tests.ui.CartAndCheckoutTests" name="placeOrderAfterLogin" time="17.341"/>
  <testcase classname="com.automationexercise.tests.ui.CartAndCheckoutTests" name="removeProductFromCart" time="7.859"/>
  <testcase classname="com.automationexercise.tests.ui.CartAndCheckoutTests" name="addProductToCart" time="10.072"/>
</testsuite> <!-- com.automationexercise.tests.ui.CartAndCheckoutTests -->
