<?xml version="1.0" encoding="UTF-8"?>
<!-- Generated by org.testng.reporters.JUnitReportReporter -->
<testsuite hostname="DESKTOP-1IVLMSI" failures="0" tests="2" name="com.automationexercise.tests.ui.ContactAndSearchTests" time="16.908" errors="0" timestamp="2026-02-12T01:42:19 GMT+04:00" skipped="0">
  <testcase classname="com.automationexercise.tests.ui.ContactAndSearchTests" name="searchProductsByKeyword" time="10.395"/>
  <testcase classname="com.automationexercise.tests.ui.ContactAndSearchTests" name="sendContactUsMessage" time="6.513"/>
</testsuite> <!-- com.automationexercise.tests.ui.ContactAndSearchTests -->
