<?xml version="1.0" encoding="UTF-8"?>
<!-- Generated by org.testng.reporters.JUnitReportReporter -->
<testsuite hostname="DESKTOP-1IVLMSI" failures="0" tests="3" name="com.automationexercise.tests.api.ProductsApiTests" time="4.927" errors="0" timestamp="2026-02-12T01:42:19 GMT+04:00" skipped="0">
  <testcase classname="com.automationexercise.tests.api.ProductsApiTests" name="getProductsList_shouldContainKnownProductName" time="3.019"/>
  <testcase classname="com.automationexercise.tests.api.ProductsApiTests" name="getProductsList_shouldReturn200AndNonEmptyList" time="0.941"/>
  <testcase classname="com.automationexercise.tests.api.ProductsApiTests" name="postProductsList_shouldReturn405" time="0.967"/>
</testsuite> <!-- com.automationexercise.tests.api.ProductsApiTests -->
